# JRE version: Java(TM) SE Runtime Environment (8.0_181-b13) (build 1.8.0_181-b13)
# Java VM: Java HotSpot(TM) 64-Bit Server VM (25.181-b13 mixed mode windows-amd64 compressed oops)
Heap:
 PSYoungGen      total 326144K, used 165681K [0x00000000d5e00000, 0x00000000ebd00000, 0x0000000100000000)
  eden space 308736K, 48% used [0x00000000d5e00000,0x00000000def30308,0x00000000e8b80000)
  from space 17408K, 97% used [0x00000000eac00000,0x00000000ebc9c3b8,0x00000000ebd00000)
  to   space 20992K, 0% used [0x00000000e9400000,0x00000000e9400000,0x00000000ea880000)
 ParOldGen       total 123904K, used 38703K [0x0000000081a00000, 0x0000000089300000, 0x00000000d5e00000)
  object space 123904K, 31% used [0x0000000081a00000,0x0000000083fcbe40,0x0000000089300000)
 Metaspace       used 67517K, capacity 71314K, committed 71512K, reserved 1110016K
  class space    used 9340K, capacity 9982K, committed 10072K, reserved 1048576K
GC Heap History (10 events):
Event: 8.771 GC heap before
{Heap before GC invocations=11 (full 2):
 PSYoungGen      total 187904K, used 11747K [0x00000000d5e00000, 0x00000000e7100000, 0x0000000100000000)
  eden space 176128K, 0% used [0x00000000d5e00000,0x00000000d5e00000,0x00000000e0a00000)
  from space 11776K, 99% used [0x00000000e0a00000,0x00000000e1578e48,0x00000000e1580000)
  to   space 14848K, 0% used [0x00000000e6280000,0x00000000e6280000,0x00000000e7100000)
 ParOldGen       total 53760K, used 15300K [0x0000000081a00000, 0x0000000084e80000, 0x00000000d5e00000)
  object space 53760K, 28% used [0x0000000081a00000,0x00000000828f1038,0x0000000084e80000)
 Metaspace       used 33625K, capacity 35328K, committed 35416K, reserved 1079296K
  class space    used 4533K, capacity 4876K, committed 4952K, reserved 1048576K
Event: 8.892 GC heap after
Heap after GC invocations=11 (full 2):
 PSYoungGen      total 187904K, used 0K [0x00000000d5e00000, 0x00000000e7100000, 0x0000000100000000)
  eden space 176128K, 0% used [0x00000000d5e00000,0x00000000d5e00000,0x00000000e0a00000)
  from space 11776K, 0% used [0x00000000e0a00000,0x00000000e0a00000,0x00000000e1580000)
  to   space 14848K, 0% used [0x00000000e6280000,0x00000000e6280000,0x00000000e7100000)
 ParOldGen       total 83968K, used 19735K [0x0000000081a00000, 0x0000000086c00000, 0x00000000d5e00000)
  object space 83968K, 23% used [0x0000000081a00000,0x0000000082d45c40,0x0000000086c00000)
 Metaspace       used 33625K, capacity 35328K, committed 35416K, reserved 1079296K
  class space    used 4533K, capacity 4876K, committed 4952K, reserved 1048576K
}
Event: 10.866 GC heap before
{Heap before GC invocations=12 (full 2):
 PSYoungGen      total 187904K, used 176128K [0x00000000d5e00000, 0x00000000e7100000, 0x0000000100000000)
  eden space 176128K, 100% used [0x00000000d5e00000,0x00000000e0a00000,0x00000000e0a00000)
  from space 11776K, 0% used [0x00000000e0a00000,0x00000000e0a00000,0x00000000e1580000)
  to   space 14848K, 0% used [0x00000000e6280000,0x00000000e6280000,0x00000000e7100000)
 ParOldGen       total 83968K, used 19735K [0x0000000081a00000, 0x0000000086c00000, 0x00000000d5e00000)
  object space 83968K, 23% used [0x0000000081a00000,0x0000000082d45c40,0x0000000086c00000)
 Metaspace       used 41128K, capacity 43228K, committed 43480K, reserved 1087488K
  class space    used 5418K, capacity 5830K, committed 5848K, reserved 1048576K
Event: 10.880 GC heap after
Heap after GC invocations=12 (full 2):
 PSYoungGen      total 249856K, used 8703K [0x00000000d5e00000, 0x00000000e6b00000, 0x0000000100000000)
  eden space 241152K, 0% used [0x00000000d5e00000,0x00000000d5e00000,0x00000000e4980000)
  from space 8704K, 99% used [0x00000000e6280000,0x00000000e6affc80,0x00000000e6b00000)
  to   space 14336K, 0% used [0x00000000e4f00000,0x00000000e4f00000,0x00000000e5d00000)
 ParOldGen       total 83968K, used 19743K [0x0000000081a00000, 0x0000000086c00000, 0x00000000d5e00000)
  object space 83968K, 23% used [0x0000000081a00000,0x0000000082d47c40,0x0000000086c00000)
 Metaspace       used 41128K, capacity 43228K, committed 43480K, reserved 1087488K
  class space    used 5418K, capacity 5830K, committed 5848K, reserved 1048576K
}
Event: 14.859 GC heap before
{Heap before GC invocations=13 (full 2):
 PSYoungGen      total 249856K, used 237995K [0x00000000d5e00000, 0x00000000e6b00000, 0x0000000100000000)
  eden space 241152K, 95% used [0x00000000d5e00000,0x00000000e3deb238,0x00000000e4980000)
  from space 8704K, 99% used [0x00000000e6280000,0x00000000e6affc80,0x00000000e6b00000)
  to   space 14336K, 0% used [0x00000000e4f00000,0x00000000e4f00000,0x00000000e5d00000)
 ParOldGen       total 83968K, used 19743K [0x0000000081a00000, 0x0000000086c00000, 0x00000000d5e00000)
  object space 83968K, 23% used [0x0000000081a00000,0x0000000082d47c40,0x0000000086c00000)
 Metaspace       used 56253K, capacity 58932K, committed 59028K, reserved 1099776K
  class space    used 7758K, capacity 8239K, committed 8280K, reserved 1048576K
Event: 14.899 GC heap after
Heap after GC invocations=13 (full 2):
 PSYoungGen      total 261120K, used 14322K [0x00000000d5e00000, 0x00000000ebe80000, 0x0000000100000000)
  eden space 246784K, 0% used [0x00000000d5e00000,0x00000000d5e00000,0x00000000e4f00000)
  from space 14336K, 99% used [0x00000000e4f00000,0x00000000e5cfca50,0x00000000e5d00000)
  to   space 18944K, 0% used [0x00000000eac00000,0x00000000eac00000,0x00000000ebe80000)
 ParOldGen       total 83968K, used 27148K [0x0000000081a00000, 0x0000000086c00000, 0x00000000d5e00000)
  object space 83968K, 32% used [0x0000000081a00000,0x00000000834831b0,0x0000000086c00000)
 Metaspace       used 56253K, capacity 58932K, committed 59028K, reserved 1099776K
  class space    used 7758K, capacity 8239K, committed 8280K, reserved 1048576K
}
Event: 14.899 GC heap before
{Heap before GC invocations=14 (full 3):
 PSYoungGen      total 261120K, used 14322K [0x00000000d5e00000, 0x00000000ebe80000, 0x0000000100000000)
  eden space 246784K, 0% used [0x00000000d5e00000,0x00000000d5e00000,0x00000000e4f00000)
  from space 14336K, 99% used [0x00000000e4f00000,0x00000000e5cfca50,0x00000000e5d00000)
  to   space 18944K, 0% used [0x00000000eac00000,0x00000000eac00000,0x00000000ebe80000)
 ParOldGen       total 83968K, used 27148K [0x0000000081a00000, 0x0000000086c00000, 0x00000000d5e00000)
  object space 83968K, 32% used [0x0000000081a00000,0x00000000834831b0,0x0000000086c00000)
 Metaspace       used 56253K, capacity 58932K, committed 59028K, reserved 1099776K
  class space    used 7758K, capacity 8239K, committed 8280K, reserved 1048576K
Event: 15.171 GC heap after
Heap after GC invocations=14 (full 3):
 PSYoungGen      total 261120K, used 0K [0x00000000d5e00000, 0x00000000ebe80000, 0x0000000100000000)
  eden space 246784K, 0% used [0x00000000d5e00000,0x00000000d5e00000,0x00000000e4f00000)
  from space 14336K, 0% used [0x00000000e4f00000,0x00000000e4f00000,0x00000000e5d00000)
  to   space 18944K, 0% used [0x00000000eac00000,0x00000000eac00000,0x00000000ebe80000)
 ParOldGen       total 123904K, used 38695K [0x0000000081a00000, 0x0000000089300000, 0x00000000d5e00000)
  object space 123904K, 31% used [0x0000000081a00000,0x0000000083fc9e40,0x0000000089300000)
 Metaspace       used 56253K, capacity 58932K, committed 59028K, reserved 1099776K
  class space    used 7758K, capacity 8239K, committed 8280K, reserved 1048576K
}
Event: 747.607 GC heap before
{Heap before GC invocations=15 (full 3):
 PSYoungGen      total 261120K, used 246784K [0x00000000d5e00000, 0x00000000ebe80000, 0x0000000100000000)
  eden space 246784K, 100% used [0x00000000d5e00000,0x00000000e4f00000,0x00000000e4f00000)
  from space 14336K, 0% used [0x00000000e4f00000,0x00000000e4f00000,0x00000000e5d00000)
  to   space 18944K, 0% used [0x00000000eac00000,0x00000000eac00000,0x00000000ebe80000)
 ParOldGen       total 123904K, used 38695K [0x0000000081a00000, 0x0000000089300000, 0x00000000d5e00000)
  object space 123904K, 31% used [0x0000000081a00000,0x0000000083fc9e40,0x0000000089300000)
 Metaspace       used 67130K, capacity 70760K, committed 70872K, reserved 1110016K
  class space    used 9264K, capacity 9877K, committed 9944K, reserved 1048576K
Event: 747.631 GC heap after
Heap after GC invocations=15 (full 3):
 PSYoungGen      total 326144K, used 17008K [0x00000000d5e00000, 0x00000000ebd00000, 0x0000000100000000)
  eden space 308736K, 0% used [0x00000000d5e00000,0x00000000d5e00000,0x00000000e8b80000)
  from space 17408K, 97% used [0x00000000eac00000,0x00000000ebc9c3b8,0x00000000ebd00000)
  to   space 20992K, 0% used [0x00000000e9400000,0x00000000e9400000,0x00000000ea880000)
 ParOldGen       total 123904K, used 38703K [0x0000000081a00000, 0x0000000089300000, 0x00000000d5e00000)
  object space 123904K, 31% used [0x0000000081a00000,0x0000000083fcbe40,0x0000000089300000)
 Metaspace       used 67130K, capacity 70760K, committed 70872K, reserved 1110016K
  class space    used 9264K, capacity 9877K, committed 9944K, reserved 1048576K
}

